[debug] [2024-09-10T23:44:27.998Z] ----------------------------------------------------------------------
[debug] [2024-09-10T23:44:28.000Z] Command:       /usr/local/bin/node /usr/local/bin/firebase init
[debug] [2024-09-10T23:44:28.000Z] CLI Version:   13.16.0
[debug] [2024-09-10T23:44:28.000Z] Platform:      darwin
[debug] [2024-09-10T23:44:28.000Z] Node Version:  v20.11.1
[debug] [2024-09-10T23:44:28.000Z] Time:          Wed Sep 11 2024 09:44:28 GMT+1000 (Australian Eastern Standard Time)
[debug] [2024-09-10T23:44:28.000Z] ----------------------------------------------------------------------
[debug] 
[debug] [2024-09-10T23:44:28.003Z] > command requires scopes: ["email","openid","https://www.googleapis.com/auth/cloudplatformprojects.readonly","https://www.googleapis.com/auth/firebase","https://www.googleapis.com/auth/cloud-platform"]
[debug] [2024-09-10T23:44:28.003Z] > authorizing via signed-in user (richarddlongg@gmail.com)
[info] 
     ######## #### ########  ######## ########     ###     ######  ########
     ##        ##  ##     ## ##       ##     ##  ##   ##  ##       ##
     ######    ##  ########  ######   ########  #########  ######  ######
     ##        ##  ##    ##  ##       ##     ## ##     ##       ## ##
     ##       #### ##     ## ######## ########  ##     ##  ######  ########

You're about to initialize a Firebase project in this directory:

  /Users/richardlong/Code/projects/hectiqhanzi/hectiqhanzi

[info] 
=== Project Setup
[info] 
[info] First, let's associate this project directory with a Firebase project.
[info] You can create multiple project aliases by running firebase use --add, 
[info] but for now we'll just set up a default project.
[info] 
[debug] [2024-09-10T23:44:38.516Z] >>> [apiv2][query] GET https://firebase.googleapis.com/v1beta1/availableProjects pageSize=100
[debug] [2024-09-10T23:44:40.399Z] <<< [apiv2][status] GET https://firebase.googleapis.com/v1beta1/availableProjects 200
[debug] [2024-09-10T23:44:40.400Z] <<< [apiv2][body] GET https://firebase.googleapis.com/v1beta1/availableProjects [omitted]
[debug] [2024-09-10T23:44:43.800Z] >>> [apiv2][query] POST https://firebase.googleapis.com/v1beta1/projects/helpmyhanzi0:addFirebase [none]
[debug] [2024-09-10T23:44:44.370Z] <<< [apiv2][status] POST https://firebase.googleapis.com/v1beta1/projects/helpmyhanzi0:addFirebase 403
[debug] [2024-09-10T23:44:44.371Z] <<< [apiv2][body] POST https://firebase.googleapis.com/v1beta1/projects/helpmyhanzi0:addFirebase {"error":{"code":403,"message":"The caller does not have permission","status":"PERMISSION_DENIED"}}
[debug] [2024-09-10T23:44:44.371Z] HTTP Error: 403, The caller does not have permission
[debug] [2024-09-10T23:44:44.622Z] FirebaseError: HTTP Error: 403, The caller does not have permission
    at responseToError (/usr/local/lib/node_modules/firebase-tools/lib/responseToError.js:49:12)
    at RetryOperation._fn (/usr/local/lib/node_modules/firebase-tools/lib/apiv2.js:305:77)
    at process.processTicksAndRejections (node:internal/process/task_queues:95:5)
[error] 
[error] Error: Failed to add Firebase to Google Cloud Platform project. See firebase-debug.log for more info.
